12:04:18,805  INFO main Server:main:52 - Client connected
12:10:50,050 DEBUG Thread-0 ServerThread:run:227 - 
21:58:46,743 DEBUG main Server:main:52 - User already exist
21:58:46,866 DEBUG main Server:main:59 - Address already in use
21:59:12,425  INFO main Server:main:52 - Client connected
21:59:30,452 DEBUG Thread-1 ServerThread:run:230 - Registration User already exist
22:00:26,681 DEBUG main Server:main:52 - User already exist
22:00:26,711 DEBUG main Server:main:59 - Address already in use
22:01:06,914 DEBUG main Server:main:54 - User already exist
22:01:06,972 DEBUG main Server:main:61 - Address already in use
22:01:49,235 DEBUG main Server:main:50 - Address already in use
22:02:41,008 DEBUG main Server:main:50 - Address already in use
22:03:16,469 DEBUG main Server:main:45 - Address already in use
22:04:53,653 DEBUG main Server:main:45 - Address already in use
22:08:04,007 DEBUG main Server:main:45 - Address already in use
22:09:29,835 DEBUG main Server:main:45 - Address already in use
22:09:44,642  INFO main Server:main:52 - Client connected
22:10:25,566 DEBUG Thread-2 ServerThread:run:227 - 
22:10:37,481 DEBUG main Server:main:45 - Address already in use
22:12:40,809 DEBUG main Server:main:45 - Address already in use
22:32:52,811  INFO main Server:main:52 - Client connected
22:33:21,973 DEBUG Thread-3 ServerThread:run:230 - Registration User already exist
18:42:48,640  INFO main Server:main:52 - Client connected
18:42:56,801 DEBUG Thread-0 ServerThread:run:227 - 
18:17:43,826 DEBUG main Server:main:50 - User already exist
18:20:33,985  INFO main Server:main:64 - Client connected
18:21:33,936 DEBUG Thread-1 ServerThread:run:221 - 
18:22:21,388  INFO main Server:main:64 - Client connected
18:22:33,831 DEBUG Thread-2 ServerThread:run:224 - Registration User already exist
18:23:18,607 DEBUG main Server:main:50 - User already exist
18:23:18,654 DEBUG main Server:main:57 - Address already in use
18:23:56,684 DEBUG main Server:main:50 - User already exist
18:23:56,727 DEBUG main Server:main:57 - Address already in use
18:26:25,076 DEBUG main Server:main:50 - User already exist
18:26:25,114 DEBUG main Server:main:57 - Address already in use
18:27:52,290 DEBUG main Server:main:50 - User already exist
18:27:52,330 DEBUG main Server:main:57 - Address already in use
18:29:21,721 DEBUG main Server:main:50 - User already exist
18:29:21,760 DEBUG main Server:main:57 - Address already in use
18:40:16,650 DEBUG main Server:main:50 - User already exist
18:40:54,278  INFO main Server:main:64 - Client connected
18:45:14,136 DEBUG Thread-1 ServerThread:run:221 - 
18:52:12,933 DEBUG main Server:main:50 - User already exist
18:52:12,982 DEBUG main Server:main:57 - Address already in use
19:38:16,423  INFO main Server:main:64 - Client connected
19:38:52,581 DEBUG Thread-2 ServerThread:run:221 - 
19:39:12,767  INFO main Server:main:64 - Client connected
19:39:34,322 DEBUG Thread-3 ServerThread:run:221 - 
19:40:15,026  INFO main Server:main:64 - Client connected
19:40:49,657 DEBUG Thread-4 ServerThread:run:221 - 
19:49:27,014  INFO main Server:main:64 - Client connected
19:49:36,878 DEBUG Thread-5 ServerThread:run:224 - Registration User already exist
19:54:29,231  INFO main Server:main:64 - Client connected
19:54:42,412 DEBUG Thread-6 ServerThread:run:224 - Registration User already exist
19:55:22,558 DEBUG main Server:main:50 - User already exist
19:55:22,572 DEBUG main Server:main:57 - Address already in use
19:55:33,126  INFO main Server:main:64 - Client connected
19:56:43,677 DEBUG Thread-7 ServerThread:run:221 - 
19:57:07,508 DEBUG main Server:main:50 - User already exist
19:57:07,524 DEBUG main Server:main:57 - Address already in use
19:57:16,765  INFO main Server:main:64 - Client connected
19:57:25,290 DEBUG Thread-8 ServerThread:run:221 - 
19:58:08,035  INFO main Server:main:64 - Client connected
19:58:21,895 DEBUG Thread-9 ServerThread:run:224 - Registration User already exist
19:59:52,032 DEBUG main Server:main:50 - User already exist
19:59:52,056 DEBUG main Server:main:57 - Address already in use
20:00:38,834  INFO main Server:main:64 - Client connected
20:00:56,095 DEBUG Thread-10 ServerThread:run:221 - 
20:01:45,928  INFO main Server:main:64 - Client connected
20:01:53,723 DEBUG Thread-11 ServerThread:run:224 - Registration User already exist
20:02:13,478 DEBUG main Server:main:50 - User already exist
20:02:13,493 DEBUG main Server:main:57 - Address already in use
20:13:04,727 DEBUG main Server:main:50 - User already exist
20:13:25,605  INFO main Server:main:64 - Client connected
20:14:00,254 DEBUG Thread-1 ServerThread:run:221 - 
21:04:14,629 DEBUG main Server:main:50 - User already exist
21:09:19,454  INFO main Server:main:64 - Client connected
21:09:48,075 DEBUG Thread-1 ServerThread:run:221 - 
19:55:05,498 DEBUG main Server:main:50 - User already exist
20:19:26,269  INFO main Server:main:64 - Client connected
20:21:23,064 DEBUG Thread-1 ServerThread:run:221 - Connection reset
20:37:17,516 DEBUG main Server:main:50 - User already exist
20:37:26,231  INFO main Server:main:64 - Client connected
20:48:41,669 DEBUG Thread-1 ServerThread:run:221 - Connection reset
20:48:49,714 DEBUG main Server:main:50 - User already exist
20:48:49,724 DEBUG main Server:main:57 - Address already in use: JVM_Bind
20:48:55,703 DEBUG main Server:main:50 - User already exist
20:49:03,701  INFO main Server:main:64 - Client connected
20:50:41,701 DEBUG Thread-1 ServerThread:run:221 - Connection reset
20:50:50,021  INFO main Server:main:64 - Client connected
20:51:02,548 DEBUG Thread-2 ServerThread:run:221 - Connection reset
20:51:23,285  INFO main Server:main:64 - Client connected
20:51:39,766 DEBUG Thread-3 ServerThread:run:221 - Connection reset
20:51:59,487  INFO main Server:main:64 - Client connected
20:52:26,264 DEBUG Thread-4 ServerThread:run:221 - Connection reset
01:20:29,505 DEBUG main Server:main:50 - User already exist
01:20:39,659  INFO main Server:main:64 - Client connected
01:22:35,508 DEBUG Thread-1 ServerThread:run:221 - Connection reset
01:23:27,883  INFO main Server:main:64 - Client connected
01:25:08,417 DEBUG Thread-2 ServerThread:run:221 - Connection reset
01:25:15,082  INFO main Server:main:64 - Client connected
01:25:32,243 DEBUG Thread-3 ServerThread:run:221 - Connection reset
01:25:46,826  INFO main Server:main:64 - Client connected
01:26:05,811 DEBUG Thread-4 ServerThread:run:221 - Connection reset
01:28:53,060  INFO main Server:main:64 - Client connected
01:29:27,144 DEBUG Thread-5 ServerThread:run:221 - Connection reset
02:12:04,788 DEBUG main Server:main:50 - User already exist
02:12:14,028  INFO main Server:main:64 - Client connected
02:12:34,597 DEBUG Thread-1 ServerThread:run:221 - Connection reset
06:13:44,074 DEBUG main Server:main:50 - User already exist
06:13:54,403  INFO main Server:main:64 - Client connected
06:14:12,958 DEBUG Thread-1 ServerThread:run:221 - Connection reset
06:16:05,004  INFO main Server:main:64 - Client connected
06:16:52,222 DEBUG Thread-2 ServerThread:run:221 - Connection reset
06:19:20,723  INFO main Server:main:64 - Client connected
06:19:38,223 DEBUG Thread-3 ServerThread:run:221 - Connection reset
06:20:42,410  INFO main Server:main:64 - Client connected
06:21:06,918 DEBUG Thread-4 ServerThread:run:221 - Connection reset
06:29:07,841 DEBUG main Server:main:50 - User already exist
06:29:20,475  INFO main Server:main:64 - Client connected
06:31:23,127 DEBUG main Server:main:50 - User already exist
06:31:31,339  INFO main Server:main:64 - Client connected
06:34:25,698 DEBUG main Server:main:50 - User already exist
06:34:33,691  INFO main Server:main:64 - Client connected
06:35:06,810 DEBUG Thread-1 ServerThread:run:221 - Connection reset
<<<<<<< HEAD
21:58:48,943 DEBUG main Server:main:50 - User already exist
21:59:23,326  INFO main Server:main:64 - Client connected
22:00:38,657 DEBUG Thread-1 ServerThread:run:221 - 
22:04:00,371  INFO main Server:main:64 - Client connected
22:19:08,775 DEBUG Thread-2 ServerThread:run:221 - 
23:09:33,345  INFO main Server:main:64 - Client connected
23:16:29,562 DEBUG Thread-3 ServerThread:run:221 - 
23:23:12,701  INFO main Server:main:64 - Client connected
23:55:07,339 DEBUG Thread-4 ServerThread:run:221 - 
01:27:40,473  INFO main Server:main:64 - Client connected
01:27:58,295 DEBUG Thread-5 ServerThread:run:221 - 
21:37:57,429 DEBUG main Server:main:50 - User already exist
21:37:57,518 DEBUG main Server:main:57 - Address already in use
=======
23:16:14,119 DEBUG main Server:main:50 - User already exist
23:23:19,956  INFO main Server:main:64 - Client connected
23:47:00,812 DEBUG Thread-1 ServerThread:run:221 - Connection reset
23:56:31,467  INFO main Server:main:64 - Client connected
23:58:26,438 DEBUG Thread-2 ServerThread:run:221 - Connection reset
01:02:47,196 DEBUG main Server:main:50 - User already exist
01:02:47,208 DEBUG main Server:main:57 - Address already in use: JVM_Bind
01:02:56,685 DEBUG main Server:main:50 - User already exist
01:03:03,485  INFO main Server:main:64 - Client connected
01:04:23,205 DEBUG Thread-1 ServerThread:run:221 - Connection reset
>>>>>>> 953e870badf0b9d1c8c9ecaab8e00439f456612e
<<<<<<< HEAD
20:39:27,850 DEBUG main Server:main:51 - User already exist
20:39:56,518  INFO main Server:main:65 - Client connected
20:42:49,317  INFO main Server:main:65 - Client connected
20:47:59,728  INFO main Server:main:65 - Client connected
20:48:10,830  INFO main Server:main:65 - Client connected
=======
13:34:51,862 DEBUG main Server:main:50 - User already exist
13:37:32,147 DEBUG main Server:main:50 - User already exist
13:37:42,310  INFO main Server:main:64 - Client connected
13:38:05,239  INFO main Server:main:64 - Client connected
13:39:38,886 DEBUG Thread-1 ServerThread:game:350 - Connection reset
13:39:38,887 DEBUG Thread-1 ServerThread:run:228 - Connection reset
13:40:16,683 DEBUG main Server:main:50 - User already exist
13:40:26,111  INFO main Server:main:64 - Client connected
13:40:39,269  INFO main Server:main:64 - Client connected
13:43:31,591 DEBUG Thread-2 ServerThread:game:350 - Connection reset
13:43:31,591 DEBUG Thread-2 ServerThread:run:228 - Connection reset
13:49:08,771 DEBUG main Server:main:50 - User already exist
13:49:20,097  INFO main Server:main:64 - Client connected
13:49:32,664  INFO main Server:main:64 - Client connected
13:52:48,381 DEBUG Thread-1 ServerThread:game:359 - Connection reset
13:52:48,382 DEBUG Thread-1 ServerThread:run:237 - Connection reset
>>>>>>> a33f94e94560cfeb6beeed4f546b6747614b7cf4
03:12:08,998 DEBUG main Server:main:51 - User already exist
03:12:21,449  INFO main Server:main:65 - Client connected
03:13:19,798 DEBUG Thread-1 ServerThread:run:228 - Connection reset
03:40:15,089 DEBUG main Server:main:51 - User already exist
03:40:23,225  INFO main Server:main:65 - Client connected
03:42:23,398 DEBUG Thread-1 ServerThread:run:228 - Connection reset
03:19:12,663 DEBUG main Server:main:51 - User already exist
03:19:26,847  INFO main Server:main:65 - Client connected
03:19:42,976 DEBUG Thread-1 ServerThread:run:57 - 
03:46:21,822 DEBUG main Server:main:51 - User already exist
03:46:33,945  INFO main Server:main:65 - Client connected
03:46:44,178 DEBUG Thread-1 ServerThread:run:57 - 
03:47:47,694  INFO main Server:main:65 - Client connected
03:47:52,736 DEBUG Thread-2 ServerThread:run:57 - 
03:53:27,807 DEBUG main Server:main:51 - User already exist
03:53:36,818  INFO main Server:main:65 - Client connected
03:56:16,625 DEBUG Thread-1 ServerThread:run:57 - 
03:56:28,685 DEBUG main Server:main:51 - User already exist
03:56:35,873  INFO main Server:main:65 - Client connected
03:56:46,567 DEBUG Thread-1 ServerThread:run:63 - 
03:56:46,575 DEBUG Thread-1 ServerThread:run:63 - 
03:57:13,141 DEBUG Thread-1 ServerThread:run:63 - 
03:57:13,149 DEBUG Thread-1 ServerThread:run:63 - 
03:57:13,163 DEBUG Thread-1 ServerThread:run:63 - 
03:57:13,180 DEBUG Thread-1 ServerThread:run:63 - 
03:57:13,212 DEBUG Thread-1 ServerThread:run:63 - 
03:57:13,229 DEBUG Thread-1 ServerThread:run:63 - 
03:57:13,238 DEBUG Thread-1 ServerThread:run:63 - 
03:57:13,249 DEBUG Thread-1 ServerThread:run:63 - 
03:57:13,260 DEBUG Thread-1 ServerThread:run:63 - 
03:57:13,269 DEBUG Thread-1 ServerThread:run:63 - 
03:57:13,278 DEBUG Thread-1 ServerThread:run:63 - 
03:57:13,289 DEBUG Thread-1 ServerThread:run:63 - 
03:57:13,304 DEBUG Thread-1 ServerThread:run:63 - 
03:57:13,314 DEBUG Thread-1 ServerThread:run:63 - 
03:57:13,322 DEBUG Thread-1 ServerThread:run:63 - 
03:57:13,332 DEBUG Thread-1 ServerThread:run:63 - 
03:57:13,370 DEBUG Thread-1 ServerThread:run:63 - 
03:57:13,388 DEBUG Thread-1 ServerThread:run:63 - 
03:57:13,396 DEBUG Thread-1 ServerThread:run:63 - 
03:57:13,427 DEBUG Thread-1 ServerThread:run:63 - 
03:57:13,451 DEBUG Thread-1 ServerThread:run:63 - 
03:57:13,465 DEBUG Thread-1 ServerThread:run:63 - 
03:57:13,481 DEBUG Thread-1 ServerThread:run:63 - 
03:57:13,488 DEBUG Thread-1 ServerThread:run:63 - 
03:57:13,494 DEBUG Thread-1 ServerThread:run:63 - 
03:57:13,542 DEBUG Thread-1 ServerThread:run:63 - 
03:57:13,572 DEBUG Thread-1 ServerThread:run:63 - 
03:57:13,602 DEBUG Thread-1 ServerThread:run:63 - 
03:57:13,647 DEBUG Thread-1 ServerThread:run:63 - 
03:57:13,688 DEBUG Thread-1 ServerThread:run:63 - 
03:57:13,749 DEBUG Thread-1 ServerThread:run:63 - 
03:57:13,891 DEBUG Thread-1 ServerThread:run:63 - 
03:57:13,916 DEBUG Thread-1 ServerThread:run:63 - 
03:57:13,953 DEBUG Thread-1 ServerThread:run:63 - 
03:57:13,972 DEBUG Thread-1 ServerThread:run:63 - 
03:57:14,053 DEBUG Thread-1 ServerThread:run:63 - 
03:57:14,170 DEBUG Thread-1 ServerThread:run:63 - 
03:57:14,220 DEBUG Thread-1 ServerThread:run:63 - 
03:57:14,260 DEBUG Thread-1 ServerThread:run:63 - 
03:57:14,294 DEBUG Thread-1 ServerThread:run:63 - 
03:57:14,314 DEBUG Thread-1 ServerThread:run:63 - 
03:57:14,333 DEBUG Thread-1 ServerThread:run:63 - 
03:57:14,356 DEBUG Thread-1 ServerThread:run:63 - 
03:57:14,374 DEBUG Thread-1 ServerThread:run:63 - 
03:57:14,403 DEBUG Thread-1 ServerThread:run:63 - 
03:57:14,428 DEBUG Thread-1 ServerThread:run:63 - 
03:57:14,445 DEBUG Thread-1 ServerThread:run:63 - 
03:57:14,520 DEBUG Thread-1 ServerThread:run:63 - 
03:57:14,595 DEBUG Thread-1 ServerThread:run:63 - 
03:57:14,660 DEBUG Thread-1 ServerThread:run:63 - 
03:57:14,766 DEBUG Thread-1 ServerThread:run:63 - 
03:57:14,783 DEBUG Thread-1 ServerThread:run:63 - 
03:57:14,801 DEBUG Thread-1 ServerThread:run:63 - 
03:57:14,839 DEBUG Thread-1 ServerThread:run:63 - 
03:57:14,856 DEBUG Thread-1 ServerThread:run:63 - 
03:57:14,871 DEBUG Thread-1 ServerThread:run:63 - 
03:57:14,885 DEBUG Thread-1 ServerThread:run:63 - 
03:57:14,900 DEBUG Thread-1 ServerThread:run:63 - 
03:57:14,916 DEBUG Thread-1 ServerThread:run:63 - 
03:57:14,968 DEBUG Thread-1 ServerThread:run:63 - 
03:57:14,985 DEBUG Thread-1 ServerThread:run:63 - 
03:57:15,003 DEBUG Thread-1 ServerThread:run:63 - 
03:57:15,021 DEBUG Thread-1 ServerThread:run:63 - 
03:57:15,038 DEBUG Thread-1 ServerThread:run:63 - 
03:57:15,055 DEBUG Thread-1 ServerThread:run:63 - 
03:57:15,081 DEBUG Thread-1 ServerThread:run:63 - 
03:57:15,096 DEBUG Thread-1 ServerThread:run:63 - 
03:57:15,111 DEBUG Thread-1 ServerThread:run:63 - 
03:57:15,125 DEBUG Thread-1 ServerThread:run:63 - 
03:57:15,138 DEBUG Thread-1 ServerThread:run:63 - 
03:57:15,153 DEBUG Thread-1 ServerThread:run:63 - 
03:57:15,168 DEBUG Thread-1 ServerThread:run:63 - 
03:57:15,184 DEBUG Thread-1 ServerThread:run:63 - 
03:57:15,217 DEBUG Thread-1 ServerThread:run:63 - 
03:57:15,238 DEBUG Thread-1 ServerThread:run:63 - 
03:57:15,309 DEBUG Thread-1 ServerThread:run:63 - 
03:57:15,331 DEBUG Thread-1 ServerThread:run:63 - 
03:57:15,351 DEBUG Thread-1 ServerThread:run:63 - 
03:57:15,369 DEBUG Thread-1 ServerThread:run:63 - 
03:57:15,387 DEBUG Thread-1 ServerThread:run:63 - 
03:57:15,413 DEBUG Thread-1 ServerThread:run:63 - 
03:57:15,431 DEBUG Thread-1 ServerThread:run:63 - 
03:57:15,461 DEBUG Thread-1 ServerThread:run:63 - 
03:57:15,476 DEBUG Thread-1 ServerThread:run:63 - 
03:57:15,495 DEBUG Thread-1 ServerThread:run:63 - 
03:57:15,512 DEBUG Thread-1 ServerThread:run:63 - 
03:57:15,533 DEBUG Thread-1 ServerThread:run:63 - 
03:57:15,553 DEBUG Thread-1 ServerThread:run:63 - 
03:57:15,568 DEBUG Thread-1 ServerThread:run:63 - 
03:57:15,600 DEBUG Thread-1 ServerThread:run:63 - 
03:57:15,618 DEBUG Thread-1 ServerThread:run:63 - 
03:57:15,637 DEBUG Thread-1 ServerThread:run:63 - 
03:57:15,656 DEBUG Thread-1 ServerThread:run:63 - 
03:57:15,676 DEBUG Thread-1 ServerThread:run:63 - 
03:57:15,692 DEBUG Thread-1 ServerThread:run:63 - 
03:57:15,707 DEBUG Thread-1 ServerThread:run:63 - 
03:57:15,722 DEBUG Thread-1 ServerThread:run:63 - 
03:57:15,737 DEBUG Thread-1 ServerThread:run:63 - 
03:57:15,759 DEBUG Thread-1 ServerThread:run:63 - 
03:57:15,861 DEBUG Thread-1 ServerThread:run:63 - 
03:57:15,880 DEBUG Thread-1 ServerThread:run:63 - 
03:57:15,895 DEBUG Thread-1 ServerThread:run:63 - 
03:57:15,907 DEBUG Thread-1 ServerThread:run:63 - 
03:57:15,921 DEBUG Thread-1 ServerThread:run:63 - 
03:57:15,933 DEBUG Thread-1 ServerThread:run:63 - 
03:57:15,945 DEBUG Thread-1 ServerThread:run:63 - 
03:57:15,959 DEBUG Thread-1 ServerThread:run:63 - 
03:57:15,973 DEBUG Thread-1 ServerThread:run:63 - 
03:57:15,992 DEBUG Thread-1 ServerThread:run:63 - 
03:57:16,009 DEBUG Thread-1 ServerThread:run:63 - 
03:57:16,024 DEBUG Thread-1 ServerThread:run:63 - 
03:57:16,043 DEBUG Thread-1 ServerThread:run:63 - 
03:57:16,060 DEBUG Thread-1 ServerThread:run:63 - 
03:57:16,077 DEBUG Thread-1 ServerThread:run:63 - 
03:57:16,100 DEBUG Thread-1 ServerThread:run:63 - 
03:57:16,123 DEBUG Thread-1 ServerThread:run:63 - 
03:57:16,142 DEBUG Thread-1 ServerThread:run:63 - 
03:57:16,158 DEBUG Thread-1 ServerThread:run:63 - 
03:57:16,174 DEBUG Thread-1 ServerThread:run:63 - 
03:57:16,189 DEBUG Thread-1 ServerThread:run:63 - 
03:57:16,204 DEBUG Thread-1 ServerThread:run:63 - 
03:57:16,219 DEBUG Thread-1 ServerThread:run:63 - 
03:57:16,242 DEBUG Thread-1 ServerThread:run:63 - 
03:57:16,255 DEBUG Thread-1 ServerThread:run:63 - 
03:57:16,278 DEBUG Thread-1 ServerThread:run:63 - 
03:57:16,295 DEBUG Thread-1 ServerThread:run:63 - 
03:57:16,314 DEBUG Thread-1 ServerThread:run:63 - 
03:57:16,333 DEBUG Thread-1 ServerThread:run:63 - 
03:57:16,346 DEBUG Thread-1 ServerThread:run:63 - 
04:08:33,449 DEBUG main Server:main:51 - User already exist
04:08:43,005  INFO main Server:main:65 - Client connected
04:08:44,163 DEBUG Thread-1 ServerThread:run:63 - 
04:08:46,193 DEBUG Thread-1 ServerThread:run:63 - 
04:08:51,440 DEBUG Thread-1 ServerThread:run:63 - 
04:08:51,448 DEBUG Thread-1 ServerThread:run:63 - 
04:09:37,151 DEBUG Thread-1 ServerThread:run:63 - 
04:09:37,166 DEBUG Thread-1 ServerThread:run:63 - 
04:09:37,192 DEBUG Thread-1 ServerThread:run:63 - 
04:09:37,204 DEBUG Thread-1 ServerThread:run:63 - 
04:09:37,216 DEBUG Thread-1 ServerThread:run:63 - 
04:09:37,229 DEBUG Thread-1 ServerThread:run:63 - 
04:09:37,245 DEBUG Thread-1 ServerThread:run:63 - 
04:09:37,257 DEBUG Thread-1 ServerThread:run:63 - 
04:09:37,266 DEBUG Thread-1 ServerThread:run:63 - 
04:09:37,288 DEBUG Thread-1 ServerThread:run:63 - 
04:09:37,315 DEBUG Thread-1 ServerThread:run:63 - 
04:09:37,330 DEBUG Thread-1 ServerThread:run:63 - 
04:09:37,343 DEBUG Thread-1 ServerThread:run:63 - 
04:09:37,357 DEBUG Thread-1 ServerThread:run:63 - 
04:09:37,368 DEBUG Thread-1 ServerThread:run:63 - 
04:09:37,377 DEBUG Thread-1 ServerThread:run:63 - 
04:09:37,387 DEBUG Thread-1 ServerThread:run:63 - 
04:09:37,399 DEBUG Thread-1 ServerThread:run:63 - 
04:09:37,405 DEBUG Thread-1 ServerThread:run:63 - 
04:09:37,414 DEBUG Thread-1 ServerThread:run:63 - 
04:09:37,450 DEBUG Thread-1 ServerThread:run:63 - 
04:09:37,459 DEBUG Thread-1 ServerThread:run:63 - 
04:09:37,477 DEBUG Thread-1 ServerThread:run:63 - 
04:09:37,557 DEBUG Thread-1 ServerThread:run:63 - 
04:09:37,583 DEBUG Thread-1 ServerThread:run:63 - 
04:09:37,608 DEBUG Thread-1 ServerThread:run:63 - 
04:09:37,645 DEBUG Thread-1 ServerThread:run:63 - 
04:09:37,696 DEBUG Thread-1 ServerThread:run:63 - 
04:09:37,724 DEBUG Thread-1 ServerThread:run:63 - 
04:09:37,745 DEBUG Thread-1 ServerThread:run:63 - 
04:09:37,770 DEBUG Thread-1 ServerThread:run:63 - 
04:09:37,804 DEBUG Thread-1 ServerThread:run:63 - 
04:09:37,833 DEBUG Thread-1 ServerThread:run:63 - 
04:09:37,942 DEBUG Thread-1 ServerThread:run:63 - 
04:09:37,956 DEBUG Thread-1 ServerThread:run:63 - 
04:09:37,969 DEBUG Thread-1 ServerThread:run:63 - 
04:09:37,983 DEBUG Thread-1 ServerThread:run:63 - 
04:09:37,998 DEBUG Thread-1 ServerThread:run:63 - 
04:09:38,017 DEBUG Thread-1 ServerThread:run:63 - 
04:09:38,030 DEBUG Thread-1 ServerThread:run:63 - 
04:09:38,044 DEBUG Thread-1 ServerThread:run:63 - 
04:09:38,058 DEBUG Thread-1 ServerThread:run:63 - 
04:09:38,073 DEBUG Thread-1 ServerThread:run:63 - 
04:09:38,088 DEBUG Thread-1 ServerThread:run:63 - 
04:09:38,104 DEBUG Thread-1 ServerThread:run:63 - 
04:09:38,120 DEBUG Thread-1 ServerThread:run:63 - 
04:09:38,135 DEBUG Thread-1 ServerThread:run:63 - 
04:09:38,167 DEBUG Thread-1 ServerThread:run:63 - 
04:09:38,182 DEBUG Thread-1 ServerThread:run:63 - 
04:09:38,197 DEBUG Thread-1 ServerThread:run:63 - 
04:09:38,212 DEBUG Thread-1 ServerThread:run:63 - 
04:09:38,229 DEBUG Thread-1 ServerThread:run:63 - 
04:09:38,247 DEBUG Thread-1 ServerThread:run:63 - 
04:09:38,261 DEBUG Thread-1 ServerThread:run:63 - 
04:09:38,275 DEBUG Thread-1 ServerThread:run:63 - 
04:09:38,342 DEBUG Thread-1 ServerThread:run:63 - 
04:09:38,354 DEBUG Thread-1 ServerThread:run:63 - 
04:09:38,419 DEBUG Thread-1 ServerThread:run:63 - 
04:09:38,499 DEBUG Thread-1 ServerThread:run:63 - 
04:09:38,519 DEBUG Thread-1 ServerThread:run:63 - 
04:09:38,533 DEBUG Thread-1 ServerThread:run:63 - 
04:09:38,545 DEBUG Thread-1 ServerThread:run:63 - 
04:09:38,575 DEBUG Thread-1 ServerThread:run:63 - 
04:09:38,597 DEBUG Thread-1 ServerThread:run:63 - 
04:09:38,701 DEBUG Thread-1 ServerThread:run:63 - 
04:09:38,732 DEBUG Thread-1 ServerThread:run:63 - 
04:09:38,767 DEBUG Thread-1 ServerThread:run:63 - 
04:09:38,791 DEBUG Thread-1 ServerThread:run:63 - 
04:09:38,829 DEBUG Thread-1 ServerThread:run:63 - 
04:09:38,855 DEBUG Thread-1 ServerThread:run:63 - 
04:09:38,878 DEBUG Thread-1 ServerThread:run:63 - 
04:09:38,907 DEBUG Thread-1 ServerThread:run:63 - 
04:09:38,969 DEBUG Thread-1 ServerThread:run:63 - 
04:09:39,004 DEBUG Thread-1 ServerThread:run:63 - 
04:09:39,058 DEBUG Thread-1 ServerThread:run:63 - 
04:09:39,074 DEBUG Thread-1 ServerThread:run:63 - 
04:09:39,191 DEBUG Thread-1 ServerThread:run:63 - 
04:09:39,210 DEBUG Thread-1 ServerThread:run:63 - 
04:09:39,225 DEBUG Thread-1 ServerThread:run:63 - 
04:09:39,251 DEBUG Thread-1 ServerThread:run:63 - 
04:09:39,277 DEBUG Thread-1 ServerThread:run:63 - 
04:09:39,293 DEBUG Thread-1 ServerThread:run:63 - 
04:09:39,310 DEBUG Thread-1 ServerThread:run:63 - 
04:09:39,326 DEBUG Thread-1 ServerThread:run:63 - 
04:09:39,345 DEBUG Thread-1 ServerThread:run:63 - 
04:09:39,370 DEBUG Thread-1 ServerThread:run:63 - 
04:09:39,388 DEBUG Thread-1 ServerThread:run:63 - 
04:09:39,405 DEBUG Thread-1 ServerThread:run:63 - 
04:09:39,424 DEBUG Thread-1 ServerThread:run:63 - 
04:09:39,446 DEBUG Thread-1 ServerThread:run:63 - 
04:09:39,477 DEBUG Thread-1 ServerThread:run:63 - 
04:09:39,495 DEBUG Thread-1 ServerThread:run:63 - 
04:09:39,511 DEBUG Thread-1 ServerThread:run:63 - 
04:09:39,530 DEBUG Thread-1 ServerThread:run:63 - 
04:09:39,547 DEBUG Thread-1 ServerThread:run:63 - 
04:09:39,564 DEBUG Thread-1 ServerThread:run:63 - 
04:09:39,582 DEBUG Thread-1 ServerThread:run:63 - 
04:09:39,616 DEBUG Thread-1 ServerThread:run:63 - 
04:09:39,636 DEBUG Thread-1 ServerThread:run:63 - 
04:09:39,652 DEBUG Thread-1 ServerThread:run:63 - 
04:09:39,689 DEBUG Thread-1 ServerThread:run:63 - 
04:09:39,705 DEBUG Thread-1 ServerThread:run:63 - 
04:09:39,725 DEBUG Thread-1 ServerThread:run:63 - 
04:09:39,742 DEBUG Thread-1 ServerThread:run:63 - 
04:09:39,761 DEBUG Thread-1 ServerThread:run:63 - 
04:09:39,781 DEBUG Thread-1 ServerThread:run:63 - 
04:09:39,795 DEBUG Thread-1 ServerThread:run:63 - 
04:09:39,812 DEBUG Thread-1 ServerThread:run:63 - 
04:09:39,826 DEBUG Thread-1 ServerThread:run:63 - 
04:09:39,838 DEBUG Thread-1 ServerThread:run:63 - 
04:09:39,851 DEBUG Thread-1 ServerThread:run:63 - 
04:09:39,862 DEBUG Thread-1 ServerThread:run:63 - 
04:09:39,880 DEBUG Thread-1 ServerThread:run:63 - 
04:09:39,894 DEBUG Thread-1 ServerThread:run:63 - 
04:09:39,908 DEBUG Thread-1 ServerThread:run:63 - 
04:09:39,922 DEBUG Thread-1 ServerThread:run:63 - 
04:09:39,937 DEBUG Thread-1 ServerThread:run:63 - 
04:09:39,952 DEBUG Thread-1 ServerThread:run:63 - 
04:09:39,963 DEBUG Thread-1 ServerThread:run:63 - 
04:09:39,976 DEBUG Thread-1 ServerThread:run:63 - 
04:09:39,989 DEBUG Thread-1 ServerThread:run:63 - 
04:09:40,001 DEBUG Thread-1 ServerThread:run:63 - 
04:09:40,027 DEBUG Thread-1 ServerThread:run:63 - 
04:09:40,041 DEBUG Thread-1 ServerThread:run:63 - 
04:09:40,057 DEBUG Thread-1 ServerThread:run:63 - 
04:09:40,070 DEBUG Thread-1 ServerThread:run:63 - 
04:09:40,083 DEBUG Thread-1 ServerThread:run:63 - 
04:09:40,098 DEBUG Thread-1 ServerThread:run:63 - 
04:09:40,118 DEBUG Thread-1 ServerThread:run:63 - 
04:09:40,133 DEBUG Thread-1 ServerThread:run:63 - 
04:09:40,158 DEBUG Thread-1 ServerThread:run:63 - 
04:09:40,184 DEBUG Thread-1 ServerThread:run:63 - 
04:09:40,199 DEBUG Thread-1 ServerThread:run:63 - 
04:09:40,216 DEBUG Thread-1 ServerThread:run:63 - 
04:09:40,231 DEBUG Thread-1 ServerThread:run:63 - 
04:10:41,512 DEBUG main Server:main:51 - User already exist
04:10:50,867  INFO main Server:main:65 - Client connected
04:10:53,993 DEBUG Thread-1 ServerThread:run:63 - 
04:12:03,682 DEBUG main Server:main:51 - User already exist
04:12:13,817  INFO main Server:main:65 - Client connected
04:12:26,919 DEBUG Thread-1 ServerThread:run:63 - 
04:19:03,678 DEBUG main Server:main:51 - User already exist
04:19:14,418  INFO main Server:main:65 - Client connected
04:19:24,682 DEBUG Thread-1 ServerThread:run:63 - 
04:22:39,819 DEBUG Thread-1 ServerThread:run:249 - Connection reset
04:23:18,010 DEBUG main Server:main:51 - User already exist
04:23:28,786  INFO main Server:main:65 - Client connected
04:23:35,768 DEBUG Thread-1 ServerThread:run:63 - JAXB null
04:24:25,581 DEBUG Thread-1 ServerThread:run:249 - Connection reset
04:29:23,576 DEBUG main Server:main:51 - User already exist
04:29:31,899  INFO main Server:main:65 - Client connected
04:29:53,090 DEBUG Thread-1 ServerThread:run:63 - JAXB null
04:30:01,216 DEBUG Thread-1 ServerThread:run:63 - JAXB null
04:30:01,761 DEBUG Thread-1 ServerThread:run:63 - JAXB null
04:30:04,913 DEBUG Thread-1 ServerThread:run:63 - JAXB null
04:30:07,480 DEBUG Thread-1 ServerThread:run:63 - JAXB null
04:30:08,073 DEBUG Thread-1 ServerThread:run:63 - JAXB null
04:30:11,608 DEBUG Thread-1 ServerThread:run:63 - JAXB null
04:30:12,537 DEBUG Thread-1 ServerThread:run:63 - JAXB null
04:30:13,040 DEBUG Thread-1 ServerThread:run:63 - JAXB null
04:30:13,520 DEBUG Thread-1 ServerThread:run:63 - JAXB null
04:30:14,024 DEBUG Thread-1 ServerThread:run:63 - JAXB null
04:30:21,400 DEBUG Thread-1 ServerThread:run:63 - JAXB null
04:30:34,917 DEBUG Thread-1 ServerThread:run:63 - JAXB null
04:30:43,693 DEBUG Thread-1 ServerThread:run:249 - Connection reset
04:33:20,841 DEBUG main Server:main:51 - User already exist
04:34:59,624 DEBUG main Server:main:51 - User already exist
04:35:37,733 DEBUG main Server:main:51 - User already exist
04:35:46,442  INFO main Server:main:65 - Client connected
04:35:51,689 DEBUG Thread-1 ServerThread:run:63 - JAXB null
04:39:26,730 DEBUG main Server:main:51 - User already exist
04:39:35,968  INFO main Server:main:65 - Client connected
04:44:33,465 DEBUG Thread-1 ServerThread:run:63 - JAXB null
04:44:56,148 DEBUG main Server:main:51 - User already exist
04:45:05,945  INFO main Server:main:65 - Client connected
04:45:51,449 DEBUG Thread-1 ServerThread:run:63 - JAXB null
04:46:16,893 DEBUG main Server:main:51 - User already exist
04:46:24,149  INFO main Server:main:65 - Client connected
04:47:54,467 DEBUG Thread-1 ServerThread:run:63 - JAXB null
04:48:34,513 DEBUG main Server:main:51 - User already exist
04:48:44,897  INFO main Server:main:65 - Client connected
04:49:18,566 DEBUG Thread-1 ServerThread:run:64 - JAXB null
04:52:22,633 DEBUG main Server:main:51 - User already exist
04:52:30,762  INFO main Server:main:65 - Client connected
04:52:59,985  INFO main Server:main:65 - Client connected
04:53:21,202 DEBUG Thread-2 ServerThread:run:251 - Connection reset by peer: socket write error
03:56:27,122 DEBUG main Server:main:51 - User already exist
03:56:37,969  INFO main Server:main:65 - Client connected
03:56:51,157 DEBUG Thread-1 ServerThread:run:251 - Connection reset
03:56:59,891  INFO main Server:main:65 - Client connected
03:57:04,791 DEBUG Thread-2 ServerThread:run:251 - Connection reset
04:01:14,423 DEBUG main Server:main:51 - User already exist
04:01:26,356  INFO main Server:main:65 - Client connected
04:01:42,046 DEBUG Thread-1 ServerThread:run:65 - JAXB null
04:03:57,287 DEBUG main Server:main:51 - User already exist
04:04:04,594  INFO main Server:main:65 - Client connected
04:04:36,348 DEBUG Thread-1 ServerThread:run:67 - JAXB null
04:07:13,953 DEBUG main Server:main:51 - User already exist
04:07:13,976 DEBUG main Server:main:58 - Address already in use: JVM_Bind
04:07:26,835 DEBUG main Server:main:51 - User already exist
04:07:35,028  INFO main Server:main:65 - Client connected
04:08:52,544 DEBUG Thread-1 ServerThread:run:71 - JAXBStream java.net.SocketException: Connection reset
04:08:59,211  INFO main Server:main:65 - Client connected
04:09:49,472 DEBUG Thread-2 ServerThread:run:71 - JAXBStream java.net.SocketException: Connection reset
04:10:37,539 DEBUG main Server:main:51 - User already exist
04:10:48,004  INFO main Server:main:65 - Client connected
04:11:32,840 DEBUG Thread-1 ServerThread:run:72 - JAXBStream java.net.SocketException: Connection reset
16:45:33,215 DEBUG main Server:main:51 - User already exist
16:45:44,610  INFO main Server:main:65 - Client connected
16:46:06,902 DEBUG Thread-1 ServerThread:run:69 - JAXB null
16:50:42,847 DEBUG main Server:main:51 - User already exist
16:50:50,805  INFO main Server:main:65 - Client connected
16:50:51,955 DEBUG Thread-1 ServerThread:run:69 - JAXB unexpected element (uri:"", local:"Commands"). Expected elements are <{}address>,<{}privateInformation>,<{}serviceInfo>,<{}user>,<{}workUser>
17:02:25,683 DEBUG main Server:main:51 - User already exist
17:02:33,878  INFO main Server:main:65 - Client connected
17:02:35,334 DEBUG Thread-1 ServerThread:run:69 - JAXB unexpected element (uri:"", local:"Commands"). Expected elements are <{}address>,<{}privateInformation>,<{}serviceInfo>,<{}user>,<{}workUser>
17:19:22,546 DEBUG main Server:main:51 - User already exist
17:19:31,590  INFO main Server:main:65 - Client connected
17:19:32,893 DEBUG Thread-1 ServerThread:run:69 - JAXB unexpected element (uri:"", local:"commands"). Expected elements are <{}address>,<{}privateInformation>,<{}serviceInfo>,<{}user>,<{}workUser>
17:24:49,796 DEBUG main Server:main:51 - User already exist
17:24:57,774  INFO main Server:main:65 - Client connected
17:24:58,805 DEBUG Thread-1 ServerThread:run:69 - JAXB unexpected element (uri:"", local:"Commands"). Expected elements are <{}address>,<{}privateInformation>,<{}serviceInfo>,<{}user>,<{}workUser>
18:09:28,147 DEBUG main Server:main:51 - User already exist
18:09:41,758  INFO main Server:main:65 - Client connected
18:09:42,772 DEBUG Thread-1 ServerThread:run:69 - JAXB unexpected element (uri:"", local:"Commands"). Expected elements are <{}address>,<{}privateInformation>,<{}serviceInfo>,<{}user>,<{}workUser>
18:59:54,333 DEBUG main Server:main:51 - User already exist
19:00:02,578  INFO main Server:main:65 - Client connected
19:00:05,222 DEBUG Thread-1 ServerThread:run:69 - JAXB unexpected element (uri:"http://request.com", local:"Request"). Expected elements are <{}address>,<{}privateInformation>,<{}serviceInfo>,<{}user>,<{}workUser>
19:14:25,991 DEBUG main Server:main:51 - User already exist
19:14:26,001 DEBUG main Server:main:58 - Address already in use: JVM_Bind
19:15:59,537 DEBUG main Server:main:51 - User already exist
19:16:08,752  INFO main Server:main:65 - Client connected
19:16:10,242 DEBUG Thread-1 ServerThread:run:69 - JAXB unexpected element (uri:"", local:"Request"). Expected elements are <{}address>,<{}privateInformation>,<{}serviceInfo>,<{}user>,<{}workUser>
19:17:22,662 DEBUG main Server:main:51 - User already exist
19:17:31,654  INFO main Server:main:65 - Client connected
19:17:32,850 DEBUG Thread-1 ServerThread:run:69 - JAXB unexpected element (uri:"http://www.example.org/package", local:"Request"). Expected elements are <{}address>,<{}privateInformation>,<{}serviceInfo>,<{}user>,<{}workUser>
19:24:51,831 DEBUG main Server:main:51 - User already exist
19:25:06,630  INFO main Server:main:65 - Client connected
19:25:07,810 DEBUG Thread-1 ServerThread:run:69 - JAXB unexpected element (uri:"", local:"Request"). Expected elements are <{}address>,<{}privateInformation>,<{}serviceInfo>,<{}user>,<{}workUser>
19:33:43,298 DEBUG main Server:main:51 - User already exist
19:33:43,310 DEBUG main Server:main:58 - Address already in use: JVM_Bind
19:33:48,735 DEBUG main Server:main:51 - User already exist
19:33:48,746 DEBUG main Server:main:58 - Address already in use: JVM_Bind
19:35:53,632 DEBUG main Server:main:51 - User already exist
19:36:04,978  INFO main Server:main:65 - Client connected
19:36:06,490 DEBUG Thread-1 ServerThread:run:69 - JAXB unexpected element (uri:"http://www.example.org/package", local:"Request"). Expected elements are <{}address>,<{}privateInformation>,<{}serviceInfo>,<{}user>,<{}workUser>
20:17:21,512 DEBUG main Server:main:51 - User already exist
20:17:29,286  INFO main Server:main:65 - Client connected
20:17:31,340 DEBUG Thread-1 ServerThread:run:69 - JAXB unexpected element (uri:"http://request.com", local:"Request"). Expected elements are <{}address>,<{}privateInformation>,<{}serviceInfo>,<{}user>,<{}workUser>
20:27:34,867 DEBUG main Server:main:51 - User already exist
20:27:42,685  INFO main Server:main:65 - Client connected
20:27:43,849 DEBUG Thread-1 ServerThread:run:69 - JAXB unexpected element (uri:"http://request.com", local:"Request"). Expected elements are <{}address>,<{}privateInformation>,<{}serviceInfo>,<{}user>,<{}workUser>
21:34:23,847 DEBUG main Server:main:51 - User already exist
21:34:59,646  INFO main Server:main:65 - Client connected
21:35:02,924 DEBUG Thread-1 ServerThread:run:69 - JAXB unexpected element (uri:"http://request.com", local:"Request"). Expected elements are <{}address>,<{}privateInformation>,<{}serviceInfo>,<{}user>,<{}workUser>
00:08:41,426 DEBUG main Server:main:51 - User already exist
00:13:53,369  INFO main Server:main:65 - Client connected
00:13:56,691 DEBUG Thread-1 ServerThread:run:69 - JAXB unexpected element (uri:"http://request.com", local:"Request"). Expected elements are <{}address>,<{}privateInformation>,<{}serviceInfo>,<{}user>,<{}workUser>
01:11:04,655 DEBUG main Server:main:51 - User already exist
01:11:12,548  INFO main Server:main:65 - Client connected
01:12:31,659 DEBUG Thread-1 ServerThread:run:69 - JAXB null
01:13:29,350 DEBUG main Server:main:51 - User already exist
01:13:38,143  INFO main Server:main:65 - Client connected
01:14:04,732 DEBUG Thread-1 ServerThread:run:69 - JAXB null
01:17:25,819 DEBUG main Server:main:51 - User already exist
01:17:36,405  INFO main Server:main:65 - Client connected
01:17:58,292 DEBUG Thread-1 ServerThread:run:261 - Connection reset
02:33:43,577 DEBUG main Server:main:51 - User already exist
02:34:00,614  INFO main Server:main:65 - Client connected
02:34:16,576 DEBUG Thread-1 ServerThread:run:86 - JAXB null
