23:23:19,956  INFO AWT-EventQueue-0 StartFrame:jButton2ActionPerformed:149 - Connect to server
23:56:31,467  INFO AWT-EventQueue-0 StartFrame:jButton2ActionPerformed:149 - Connect to server
01:03:03,486  INFO AWT-EventQueue-0 StartFrame:jButton2ActionPerformed:149 - Connect to server
01:03:47,993 DEBUG AWT-EventQueue-0 MemberList:addButtonActionPerfomed:312 - User already exist
22:01:04,450 DEBUG main StartFrame:main:191 - 
22:01:13,740  INFO AWT-EventQueue-0 StartFrame:jButton2ActionPerformed:149 - Connect to server
22:43:35,729  INFO AWT-EventQueue-0 StartFrame:jButton2ActionPerformed:149 - Connect to server
22:46:28,252  INFO AWT-EventQueue-0 StartFrame:jButton2ActionPerformed:149 - Connect to server
23:56:46,807  INFO AWT-EventQueue-0 StartFrame:jButton2ActionPerformed:149 - Connect to server
00:02:20,980  INFO AWT-EventQueue-0 StartFrame:jButton2ActionPerformed:149 - Connect to server
13:35:04,984 DEBUG main Main:main:42 - Unable to create an instance of team5.client.user.User
13:40:26,113  INFO AWT-EventQueue-0 StartFrame:jButton2ActionPerformed:149 - Connect to server
13:49:20,101  INFO AWT-EventQueue-0 StartFrame:jButton2ActionPerformed:149 - Connect to server
03:12:21,450  INFO AWT-EventQueue-0 StartFrame:jButton2ActionPerformed:149 - Connect to server
03:40:23,226  INFO AWT-EventQueue-0 StartFrame:jButton2ActionPerformed:149 - Connect to server
03:41:49,687 DEBUG AWT-EventQueue-0 MemberList:addButtonActionPerfomed:322 - 
03:19:26,860  INFO AWT-EventQueue-0 StartFrame:jButton2ActionPerformed:151 - Connect to server
03:19:29,539 DEBUG AWT-EventQueue-0 LogIn:jButton1ActionPerformed:180 - 
03:19:35,872 DEBUG AWT-EventQueue-0 LogIn:jButton1ActionPerformed:180 - 
03:46:33,963  INFO AWT-EventQueue-0 StartFrame:jButton2ActionPerformed:151 - Connect to server
03:46:36,044 DEBUG AWT-EventQueue-0 LogIn:jButton1ActionPerformed:180 - 
03:46:38,752 DEBUG AWT-EventQueue-0 LogIn:jButton1ActionPerformed:180 - 
03:47:47,714  INFO AWT-EventQueue-0 StartFrame:jButton2ActionPerformed:151 - Connect to server
03:53:36,829  INFO AWT-EventQueue-0 StartFrame:jButton2ActionPerformed:151 - Connect to server
03:53:46,385 DEBUG AWT-EventQueue-0 LogIn:jButton1ActionPerformed:180 - 
03:53:51,943 DEBUG AWT-EventQueue-0 LogIn:jButton1ActionPerformed:180 - 
03:56:35,875  INFO AWT-EventQueue-0 StartFrame:jButton2ActionPerformed:151 - Connect to server
03:56:41,740 DEBUG AWT-EventQueue-0 LogIn:jButton1ActionPerformed:180 - 
04:08:43,006  INFO AWT-EventQueue-0 StartFrame:jButton2ActionPerformed:151 - Connect to server
04:08:44,176 DEBUG AWT-EventQueue-0 LogIn:jButton1ActionPerformed:180 - 
04:08:46,204 DEBUG AWT-EventQueue-0 LogIn:jButton1ActionPerformed:180 - 
04:10:50,869  INFO AWT-EventQueue-0 StartFrame:jButton2ActionPerformed:151 - Connect to server
04:10:51,815 DEBUG AWT-EventQueue-0 LogIn:jButton1ActionPerformed:180 - 
04:10:53,992 DEBUG AWT-EventQueue-0 LogIn:jButton1ActionPerformed:180 - 
04:12:13,818  INFO AWT-EventQueue-0 StartFrame:jButton2ActionPerformed:151 - Connect to server
04:12:18,400 DEBUG AWT-EventQueue-0 LogIn:jButton1ActionPerformed:180 - 
04:19:14,419  INFO AWT-EventQueue-0 StartFrame:jButton2ActionPerformed:151 - Connect to server
04:23:28,787  INFO AWT-EventQueue-0 StartFrame:jButton2ActionPerformed:151 - Connect to server
04:29:31,900  INFO AWT-EventQueue-0 StartFrame:jButton2ActionPerformed:151 - Connect to server
04:29:33,424 DEBUG AWT-EventQueue-0 LogIn:jButton1ActionPerformed:180 - 
04:29:52,671 DEBUG AWT-EventQueue-0 LogIn:jButton1ActionPerformed:180 - 
04:29:53,087 DEBUG AWT-EventQueue-0 LogIn:jButton1ActionPerformed:180 - 
04:29:53,297 DEBUG AWT-EventQueue-0 LogIn:jButton1ActionPerformed:180 - 
04:30:00,949 DEBUG AWT-EventQueue-0 LogIn:jButton1ActionPerformed:180 - 
04:30:01,220 DEBUG AWT-EventQueue-0 LogIn:jButton1ActionPerformed:180 - 
04:30:01,409 DEBUG AWT-EventQueue-0 LogIn:jButton1ActionPerformed:180 - 
04:30:01,588 DEBUG AWT-EventQueue-0 LogIn:jButton1ActionPerformed:180 - 
04:30:01,765 DEBUG AWT-EventQueue-0 LogIn:jButton1ActionPerformed:180 - 
04:30:03,822 DEBUG AWT-EventQueue-0 LogIn:jButton1ActionPerformed:180 - 
04:30:04,012 DEBUG AWT-EventQueue-0 LogIn:jButton1ActionPerformed:180 - 
04:30:04,917 DEBUG AWT-EventQueue-0 LogIn:jButton1ActionPerformed:180 - 
04:30:05,093 DEBUG AWT-EventQueue-0 LogIn:jButton1ActionPerformed:180 - 
04:30:07,316 DEBUG AWT-EventQueue-0 LogIn:jButton1ActionPerformed:180 - 
04:30:07,485 DEBUG AWT-EventQueue-0 LogIn:jButton1ActionPerformed:180 - 
04:30:07,693 DEBUG AWT-EventQueue-0 LogIn:jButton1ActionPerformed:180 - 
04:30:07,851 DEBUG AWT-EventQueue-0 LogIn:jButton1ActionPerformed:180 - 
04:30:08,077 DEBUG AWT-EventQueue-0 LogIn:jButton1ActionPerformed:180 - 
04:30:08,261 DEBUG AWT-EventQueue-0 LogIn:jButton1ActionPerformed:180 - 
04:30:08,476 DEBUG AWT-EventQueue-0 LogIn:jButton1ActionPerformed:180 - 
04:30:11,612 DEBUG AWT-EventQueue-0 LogIn:jButton1ActionPerformed:180 - 
04:30:12,212 DEBUG AWT-EventQueue-0 LogIn:jButton1ActionPerformed:180 - 
04:30:12,379 DEBUG AWT-EventQueue-0 LogIn:jButton1ActionPerformed:180 - 
04:30:12,541 DEBUG AWT-EventQueue-0 LogIn:jButton1ActionPerformed:180 - 
04:30:12,708 DEBUG AWT-EventQueue-0 LogIn:jButton1ActionPerformed:180 - 
04:30:12,867 DEBUG AWT-EventQueue-0 LogIn:jButton1ActionPerformed:180 - 
04:30:13,044 DEBUG AWT-EventQueue-0 LogIn:jButton1ActionPerformed:180 - 
04:30:13,195 DEBUG AWT-EventQueue-0 LogIn:jButton1ActionPerformed:180 - 
04:30:13,355 DEBUG AWT-EventQueue-0 LogIn:jButton1ActionPerformed:180 - 
04:30:13,523 DEBUG AWT-EventQueue-0 LogIn:jButton1ActionPerformed:180 - 
04:30:13,683 DEBUG AWT-EventQueue-0 LogIn:jButton1ActionPerformed:180 - 
04:30:13,851 DEBUG AWT-EventQueue-0 LogIn:jButton1ActionPerformed:180 - 
04:30:14,027 DEBUG AWT-EventQueue-0 LogIn:jButton1ActionPerformed:180 - 
04:30:14,187 DEBUG AWT-EventQueue-0 LogIn:jButton1ActionPerformed:180 - 
04:30:19,851 DEBUG AWT-EventQueue-0 LogIn:jButton1ActionPerformed:180 - 
04:30:21,404 DEBUG AWT-EventQueue-0 LogIn:jButton1ActionPerformed:180 - 
04:35:46,444  INFO AWT-EventQueue-0 StartFrame:jButton2ActionPerformed:151 - Connect to server
04:35:49,057 DEBUG AWT-EventQueue-0 LogIn:jButton1ActionPerformed:180 - 
04:35:51,688 DEBUG AWT-EventQueue-0 LogIn:jButton1ActionPerformed:180 - 
04:35:52,102 DEBUG AWT-EventQueue-0 LogIn:jButton1ActionPerformed:180 - 
04:35:52,486 DEBUG AWT-EventQueue-0 LogIn:jButton1ActionPerformed:180 - 
04:35:52,685 DEBUG AWT-EventQueue-0 LogIn:jButton1ActionPerformed:180 - 
04:39:35,970  INFO AWT-EventQueue-0 StartFrame:jButton2ActionPerformed:151 - Connect to server
04:39:39,154 DEBUG AWT-EventQueue-0 LogIn:jButton1ActionPerformed:180 - 
04:39:41,240 DEBUG AWT-EventQueue-0 LogIn:jButton1ActionPerformed:180 - 
04:39:42,542 DEBUG AWT-EventQueue-0 LogIn:jButton1ActionPerformed:180 - 
04:39:43,341 DEBUG AWT-EventQueue-0 LogIn:jButton1ActionPerformed:180 - 
04:39:43,525 DEBUG AWT-EventQueue-0 LogIn:jButton1ActionPerformed:180 - 
04:39:43,709 DEBUG AWT-EventQueue-0 LogIn:jButton1ActionPerformed:180 - 
04:39:43,870 DEBUG AWT-EventQueue-0 LogIn:jButton1ActionPerformed:180 - 
04:39:44,032 DEBUG AWT-EventQueue-0 LogIn:jButton1ActionPerformed:180 - 
04:39:44,188 DEBUG AWT-EventQueue-0 LogIn:jButton1ActionPerformed:180 - 
04:39:44,348 DEBUG AWT-EventQueue-0 LogIn:jButton1ActionPerformed:180 - 
04:39:44,508 DEBUG AWT-EventQueue-0 LogIn:jButton1ActionPerformed:180 - 
04:39:44,708 DEBUG AWT-EventQueue-0 LogIn:jButton1ActionPerformed:180 - 
04:39:44,972 DEBUG AWT-EventQueue-0 LogIn:jButton1ActionPerformed:180 - 
04:39:45,172 DEBUG AWT-EventQueue-0 LogIn:jButton1ActionPerformed:180 - 
04:39:45,349 DEBUG AWT-EventQueue-0 LogIn:jButton1ActionPerformed:180 - 
04:39:45,524 DEBUG AWT-EventQueue-0 LogIn:jButton1ActionPerformed:180 - 
04:39:45,715 DEBUG AWT-EventQueue-0 LogIn:jButton1ActionPerformed:180 - 
04:39:45,907 DEBUG AWT-EventQueue-0 LogIn:jButton1ActionPerformed:180 - 
04:39:46,228 DEBUG AWT-EventQueue-0 LogIn:jButton1ActionPerformed:180 - 
04:39:48,923 DEBUG AWT-EventQueue-0 LogIn:jButton1ActionPerformed:180 - 
04:39:49,163 DEBUG AWT-EventQueue-0 LogIn:jButton1ActionPerformed:180 - 
04:39:49,374 DEBUG AWT-EventQueue-0 LogIn:jButton1ActionPerformed:180 - 
04:39:49,579 DEBUG AWT-EventQueue-0 LogIn:jButton1ActionPerformed:180 - 
04:39:49,779 DEBUG AWT-EventQueue-0 LogIn:jButton1ActionPerformed:180 - 
04:39:49,988 DEBUG AWT-EventQueue-0 LogIn:jButton1ActionPerformed:180 - 
04:39:50,196 DEBUG AWT-EventQueue-0 LogIn:jButton1ActionPerformed:180 - 
04:39:50,415 DEBUG AWT-EventQueue-0 LogIn:jButton1ActionPerformed:180 - 
04:42:08,515 DEBUG AWT-EventQueue-0 LogIn:jButton1ActionPerformed:180 - 
04:42:21,435 DEBUG AWT-EventQueue-0 LogIn:jButton1ActionPerformed:180 - 
04:42:21,627 DEBUG AWT-EventQueue-0 LogIn:jButton1ActionPerformed:180 - 
04:42:21,811 DEBUG AWT-EventQueue-0 LogIn:jButton1ActionPerformed:180 - 
04:42:21,971 DEBUG AWT-EventQueue-0 LogIn:jButton1ActionPerformed:180 - 
04:42:22,147 DEBUG AWT-EventQueue-0 LogIn:jButton1ActionPerformed:180 - 
04:42:22,339 DEBUG AWT-EventQueue-0 LogIn:jButton1ActionPerformed:180 - 
04:42:22,539 DEBUG AWT-EventQueue-0 LogIn:jButton1ActionPerformed:180 - 
04:45:05,947  INFO AWT-EventQueue-0 StartFrame:jButton2ActionPerformed:151 - Connect to server
04:45:07,737 DEBUG AWT-EventQueue-0 LogIn:jButton1ActionPerformed:180 - 
04:45:08,958 DEBUG AWT-EventQueue-0 LogIn:jButton1ActionPerformed:180 - 
04:45:09,349 DEBUG AWT-EventQueue-0 LogIn:jButton1ActionPerformed:180 - 
04:45:09,524 DEBUG AWT-EventQueue-0 LogIn:jButton1ActionPerformed:180 - 
04:45:09,700 DEBUG AWT-EventQueue-0 LogIn:jButton1ActionPerformed:180 - 
04:45:09,884 DEBUG AWT-EventQueue-0 LogIn:jButton1ActionPerformed:180 - 
04:45:10,055 DEBUG AWT-EventQueue-0 LogIn:jButton1ActionPerformed:180 - 
04:45:10,267 DEBUG AWT-EventQueue-0 LogIn:jButton1ActionPerformed:180 - 
04:45:35,052 DEBUG AWT-EventQueue-0 LogIn:jButton1ActionPerformed:180 - 
04:45:35,531 DEBUG AWT-EventQueue-0 LogIn:jButton1ActionPerformed:180 - 
04:45:35,724 DEBUG AWT-EventQueue-0 LogIn:jButton1ActionPerformed:180 - 
04:45:35,875 DEBUG AWT-EventQueue-0 LogIn:jButton1ActionPerformed:180 - 
04:45:36,052 DEBUG AWT-EventQueue-0 LogIn:jButton1ActionPerformed:180 - 
04:45:36,251 DEBUG AWT-EventQueue-0 LogIn:jButton1ActionPerformed:180 - 
04:46:24,151  INFO AWT-EventQueue-0 StartFrame:jButton2ActionPerformed:151 - Connect to server
04:46:28,497 DEBUG AWT-EventQueue-0 LogIn:jButton1ActionPerformed:180 - 
04:46:29,717 DEBUG AWT-EventQueue-0 LogIn:jButton1ActionPerformed:180 - 
04:46:30,406 DEBUG AWT-EventQueue-0 LogIn:jButton1ActionPerformed:180 - 
04:46:30,614 DEBUG AWT-EventQueue-0 LogIn:jButton1ActionPerformed:180 - 
04:46:30,804 DEBUG AWT-EventQueue-0 LogIn:jButton1ActionPerformed:180 - 
04:46:30,996 DEBUG AWT-EventQueue-0 LogIn:jButton1ActionPerformed:180 - 
04:47:29,375 DEBUG AWT-EventQueue-0 LogIn:jButton1ActionPerformed:180 - 
04:47:29,608 DEBUG AWT-EventQueue-0 LogIn:jButton1ActionPerformed:180 - 
04:47:29,820 DEBUG AWT-EventQueue-0 LogIn:jButton1ActionPerformed:180 - 
04:47:30,924 DEBUG AWT-EventQueue-0 LogIn:jButton1ActionPerformed:180 - 
04:47:31,150 DEBUG AWT-EventQueue-0 LogIn:jButton1ActionPerformed:180 - 
04:47:31,324 DEBUG AWT-EventQueue-0 LogIn:jButton1ActionPerformed:180 - 
04:47:31,524 DEBUG AWT-EventQueue-0 LogIn:jButton1ActionPerformed:180 - 
04:47:31,724 DEBUG AWT-EventQueue-0 LogIn:jButton1ActionPerformed:180 - 
04:47:31,918 DEBUG AWT-EventQueue-0 LogIn:jButton1ActionPerformed:180 - 
04:47:32,141 DEBUG AWT-EventQueue-0 LogIn:jButton1ActionPerformed:180 - 
04:47:32,444 DEBUG AWT-EventQueue-0 LogIn:jButton1ActionPerformed:180 - 
04:47:32,661 DEBUG AWT-EventQueue-0 LogIn:jButton1ActionPerformed:180 - 
04:47:32,868 DEBUG AWT-EventQueue-0 LogIn:jButton1ActionPerformed:180 - 
04:47:33,067 DEBUG AWT-EventQueue-0 LogIn:jButton1ActionPerformed:180 - 
04:47:33,259 DEBUG AWT-EventQueue-0 LogIn:jButton1ActionPerformed:180 - 
04:48:44,899  INFO AWT-EventQueue-0 StartFrame:jButton2ActionPerformed:151 - Connect to server
04:49:02,921 DEBUG AWT-EventQueue-0 LogIn:jButton1ActionPerformed:180 - 
04:49:03,687 DEBUG AWT-EventQueue-0 LogIn:jButton1ActionPerformed:180 - 
04:49:04,053 DEBUG AWT-EventQueue-0 LogIn:jButton1ActionPerformed:180 - 
04:49:04,253 DEBUG AWT-EventQueue-0 LogIn:jButton1ActionPerformed:180 - 
04:49:04,428 DEBUG AWT-EventQueue-0 LogIn:jButton1ActionPerformed:180 - 
04:49:04,625 DEBUG AWT-EventQueue-0 LogIn:jButton1ActionPerformed:180 - 
04:49:04,799 DEBUG AWT-EventQueue-0 LogIn:jButton1ActionPerformed:180 - 
04:49:04,972 DEBUG AWT-EventQueue-0 LogIn:jButton1ActionPerformed:180 - 
04:49:05,156 DEBUG AWT-EventQueue-0 LogIn:jButton1ActionPerformed:180 - 
04:49:05,356 DEBUG AWT-EventQueue-0 LogIn:jButton1ActionPerformed:180 - 
04:49:05,524 DEBUG AWT-EventQueue-0 LogIn:jButton1ActionPerformed:180 - 
04:49:05,742 DEBUG AWT-EventQueue-0 LogIn:jButton1ActionPerformed:180 - 
04:49:05,957 DEBUG AWT-EventQueue-0 LogIn:jButton1ActionPerformed:180 - 
04:49:06,211 DEBUG AWT-EventQueue-0 LogIn:jButton1ActionPerformed:180 - 
04:49:06,421 DEBUG AWT-EventQueue-0 LogIn:jButton1ActionPerformed:180 - 
04:49:06,628 DEBUG AWT-EventQueue-0 LogIn:jButton1ActionPerformed:180 - 
04:49:11,707 DEBUG AWT-EventQueue-0 LogIn:jButton1ActionPerformed:180 - 
04:49:13,899 DEBUG AWT-EventQueue-0 LogIn:jButton1ActionPerformed:180 - 
04:49:14,107 DEBUG AWT-EventQueue-0 LogIn:jButton1ActionPerformed:180 - 
04:49:14,290 DEBUG AWT-EventQueue-0 LogIn:jButton1ActionPerformed:180 - 
04:49:14,466 DEBUG AWT-EventQueue-0 LogIn:jButton1ActionPerformed:180 - 
04:49:14,634 DEBUG AWT-EventQueue-0 LogIn:jButton1ActionPerformed:180 - 
04:49:14,826 DEBUG AWT-EventQueue-0 LogIn:jButton1ActionPerformed:180 - 
04:49:15,003 DEBUG AWT-EventQueue-0 LogIn:jButton1ActionPerformed:180 - 
04:52:30,763  INFO AWT-EventQueue-0 StartFrame:jButton2ActionPerformed:151 - Connect to server
04:52:59,987  INFO AWT-EventQueue-0 StartFrame:jButton2ActionPerformed:151 - Connect to server
17:30:05,740  INFO AWT-EventQueue-0 StartFrame:jButton2ActionPerformed:151 - Connect to server
17:34:33,330 DEBUG AWT-EventQueue-0 GameFrame:firstDistribution:340 - Connection reset
17:36:18,024  INFO AWT-EventQueue-0 StartFrame:jButton2ActionPerformed:151 - Connect to server
17:41:34,950 DEBUG AWT-EventQueue-0 GameFrame:finishMoveButtonActionPerformed:423 - Connection reset
17:41:34,974 DEBUG AWT-EventQueue-0 GameFrame:passButtonActionPerformed:254 - Broken pipe
17:41:34,976 DEBUG AWT-EventQueue-0 GameFrame:gameOtherUsers:515 - Connection reset
17:41:34,979 DEBUG AWT-EventQueue-0 GameFrame:takeCardButtonActionPerformed:289 - Broken pipe
17:41:34,991 DEBUG AWT-EventQueue-0 GameFrame:exitGameButtonActionPerformed:232 - Broken pipe
17:41:35,205 DEBUG AWT-EventQueue-0 GameFrame:exitGameButtonActionPerformed:232 - Broken pipe
17:43:54,222  INFO AWT-EventQueue-0 StartFrame:jButton2ActionPerformed:151 - Connect to server
17:47:01,813 DEBUG AWT-EventQueue-0 GameFrame:gameOtherUsers:515 - Connection reset
17:47:56,497 DEBUG AWT-EventQueue-0 GameFrame:finishMoveButtonActionPerformed:423 - Broken pipe
17:55:12,928  INFO AWT-EventQueue-0 StartFrame:jButton2ActionPerformed:151 - Connect to server
23:38:18,963  INFO AWT-EventQueue-0 StartFrame:jButton2ActionPerformed:151 - Connect to server
23:40:43,651  INFO AWT-EventQueue-0 StartFrame:jButton2ActionPerformed:151 - Connect to server
23:41:26,176  INFO AWT-EventQueue-0 StartFrame:jButton2ActionPerformed:151 - Connect to server
23:43:27,128  INFO AWT-EventQueue-0 StartFrame:jButton2ActionPerformed:151 - Connect to server
23:44:23,697  INFO AWT-EventQueue-0 StartFrame:jButton2ActionPerformed:151 - Connect to server
23:55:37,126  INFO AWT-EventQueue-0 StartFrame:jButton2ActionPerformed:151 - Connect to server
23:57:28,833  INFO AWT-EventQueue-0 StartFrame:jButton2ActionPerformed:151 - Connect to server
00:04:56,469  INFO AWT-EventQueue-0 StartFrame:jButton2ActionPerformed:151 - Connect to server
00:07:29,233  INFO AWT-EventQueue-0 StartFrame:jButton2ActionPerformed:151 - Connect to server
00:08:17,902  INFO AWT-EventQueue-0 StartFrame:jButton2ActionPerformed:151 - Connect to server
09:19:03,707  INFO AWT-EventQueue-0 StartFrame:jButton2ActionPerformed:147 - Connect to server
12:42:22,743  INFO AWT-EventQueue-0 StartFrame:enterButtonActionPerformed:154 - Connect to server
12:42:41,831  INFO AWT-EventQueue-0 StartFrame:enterButtonActionPerformed:154 - Connect to server
12:42:59,004  INFO AWT-EventQueue-0 StartFrame:enterButtonActionPerformed:154 - Connect to server
12:47:29,179  INFO AWT-EventQueue-0 StartFrame:enterButtonActionPerformed:154 - Connect to server
12:47:45,349  INFO AWT-EventQueue-0 StartFrame:enterButtonActionPerformed:154 - Connect to server
12:48:00,705  INFO AWT-EventQueue-0 StartFrame:enterButtonActionPerformed:154 - Connect to server
12:53:30,373  INFO AWT-EventQueue-0 StartFrame:enterButtonActionPerformed:154 - Connect to server
12:53:49,050  INFO AWT-EventQueue-0 StartFrame:enterButtonActionPerformed:154 - Connect to server
12:54:06,790  INFO AWT-EventQueue-0 StartFrame:enterButtonActionPerformed:154 - Connect to server
13:01:58,826  INFO AWT-EventQueue-0 StartFrame:enterButtonActionPerformed:154 - Connect to server
13:02:16,231  INFO AWT-EventQueue-0 StartFrame:enterButtonActionPerformed:154 - Connect to server
13:02:29,608  INFO AWT-EventQueue-0 StartFrame:enterButtonActionPerformed:154 - Connect to server
13:32:00,456  INFO AWT-EventQueue-0 StartFrame:enterButtonActionPerformed:154 - Connect to server
13:32:45,595  INFO AWT-EventQueue-0 StartFrame:enterButtonActionPerformed:154 - Connect to server
13:35:13,165  INFO AWT-EventQueue-0 StartFrame:enterButtonActionPerformed:154 - Connect to server
13:35:44,076  INFO AWT-EventQueue-0 StartFrame:enterButtonActionPerformed:154 - Connect to server
13:35:57,162  INFO AWT-EventQueue-0 StartFrame:enterButtonActionPerformed:154 - Connect to server
